\BOOKMARK [1][-]{portada.1}{Portada}{}% 1
\BOOKMARK [1][-]{firmas.1}{Firmas}{}% 2
\BOOKMARK [1][-]{resumen.1}{Resumen}{}% 3
\BOOKMARK [0][-]{section*.1}{\315ndice general}{}% 4
\BOOKMARK [0][-]{chapter.1}{Introducci\363n}{}% 5
\BOOKMARK [1][-]{section.1.1}{Alcance del proyecto}{chapter.1}% 6
\BOOKMARK [1][-]{section.1.2}{Objetivos}{chapter.1}% 7
\BOOKMARK [2][-]{subsection.1.2.1}{Objetivo general}{section.1.2}% 8
\BOOKMARK [2][-]{subsection.1.2.2}{Objetivos espec\355ficos}{section.1.2}% 9
\BOOKMARK [1][-]{section.1.3}{Metodolog\355a}{chapter.1}% 10
\BOOKMARK [0][-]{chapter.2}{Marco Te\363rico}{}% 11
\BOOKMARK [1][-]{section.2.1}{Sistema de iluminaci\363n}{chapter.2}% 12
\BOOKMARK [2][-]{subsection.2.1.1}{Normativa}{section.2.1}% 13
\BOOKMARK [2][-]{subsection.2.1.2}{Estudio de iluminaci\363n}{section.2.1}% 14
\BOOKMARK [2][-]{subsection.2.1.3}{Tipos de iluminaci\363n y luminarias}{section.2.1}% 15
\BOOKMARK [2][-]{subsection.2.1.4}{Tipos de aislamiento de cable}{section.2.1}% 16
\BOOKMARK [2][-]{subsection.2.1.5}{C\341lculo del calibre de cable en circuitos ramales}{section.2.1}% 17
\BOOKMARK [2][-]{subsection.2.1.6}{C\341lculo protecciones en circuitos ramales}{section.2.1}% 18
\BOOKMARK [1][-]{section.2.2}{Sistema de alarmas contra incendio}{chapter.2}% 19
\BOOKMARK [2][-]{subsection.2.2.1}{Normativa}{section.2.2}% 20
\BOOKMARK [2][-]{subsection.2.2.2}{Tipos de fuego}{section.2.2}% 21
\BOOKMARK [2][-]{subsection.2.2.3}{Dispositivos de iniciaci\363n \363 detecci\363n de incendio}{section.2.2}% 22
\BOOKMARK [2][-]{subsection.2.2.4}{Dispositivos de notificaci\363n de incendio}{section.2.2}% 23
\BOOKMARK [2][-]{subsection.2.2.5}{Dispositivos de control}{section.2.2}% 24
\BOOKMARK [2][-]{subsection.2.2.6}{Tipos de cableado}{section.2.2}% 25
\BOOKMARK [1][-]{section.2.3}{Sistema de alarmas contra intrusi\363n}{chapter.2}% 26
\BOOKMARK [2][-]{subsection.2.3.1}{Normativa}{section.2.3}% 27
\BOOKMARK [2][-]{subsection.2.3.2}{Dispositivos de detecci\363n de intrusi\363n}{section.2.3}% 28
\BOOKMARK [2][-]{subsection.2.3.3}{Dispositivos de notificaci\363n de intrusi\363n}{section.2.3}% 29
\BOOKMARK [2][-]{subsection.2.3.4}{Recomendaciones de dise\361o seg\372n CIEMI}{section.2.3}% 30
\BOOKMARK [1][-]{section.2.4}{Sistema de control de acceso}{chapter.2}% 31
\BOOKMARK [2][-]{subsection.2.4.1}{Normativa}{section.2.4}% 32
\BOOKMARK [2][-]{subsection.2.4.2}{Dispositivos de control de acceso}{section.2.4}% 33
\BOOKMARK [2][-]{subsection.2.4.3}{Recomendaciones de dise\361o seg\372n CIEMI}{section.2.4}% 34
\BOOKMARK [1][-]{section.2.5}{Sistema de CCTV IP}{chapter.2}% 35
\BOOKMARK [2][-]{subsection.2.5.1}{Normativa}{section.2.5}% 36
\BOOKMARK [2][-]{subsection.2.5.2}{Dispositivos de CCTV IP}{section.2.5}% 37
\BOOKMARK [2][-]{subsection.2.5.3}{Recomendaciones de dise\361o seg\372n TIA}{section.2.5}% 38
\BOOKMARK [1][-]{section.2.6}{Sistema de iluminaci\363n}{chapter.2}% 39
\BOOKMARK [2][-]{subsection.2.6.1}{Normativa}{section.2.6}% 40
\BOOKMARK [2][-]{subsection.2.6.2}{Estudio de iluminaci\363n}{section.2.6}% 41
\BOOKMARK [2][-]{subsection.2.6.3}{Recomendaciones de niveles de iluminaci\363n seg\372n INTECO}{section.2.6}% 42
\BOOKMARK [2][-]{subsection.2.6.4}{Tipos de iluminaci\363n y luminarias}{section.2.6}% 43
\BOOKMARK [2][-]{subsection.2.6.5}{Tipos de aislamiento de cable}{section.2.6}% 44
\BOOKMARK [2][-]{subsection.2.6.6}{C\341lculo del calibre de cable en circuitos ramales}{section.2.6}% 45
\BOOKMARK [2][-]{subsection.2.6.7}{C\341lculo protecciones en circuitos ramales}{section.2.6}% 46
\BOOKMARK [0][-]{section*.19}{Bibliograf\355a}{}% 47
